This file contains any messages produced by compilers while
running configure, to aid debugging if configure makes a mistake.

It was created by gwas_winners_curse configure 1.0, which was
generated by GNU Autoconf 2.69.  Invocation command line was

  $ ./configure --prefix=/home/cpalmer/Development/stage

## --------- ##
## Platform. ##
## --------- ##

hostname = omegatechpc
uname -m = x86_64
uname -r = 4.4.26-gentoo
uname -s = Linux
uname -v = #1 SMP Sun Oct 23 12:28:02 EDT 2016

/usr/bin/uname -p = Intel(R) Core(TM) i5-3427U CPU @ 1.80GHz
/bin/uname -X     = unknown

/bin/arch              = unknown
/usr/bin/arch -k       = unknown
/usr/convex/getsysinfo = unknown
/usr/bin/hostinfo      = unknown
/bin/machine           = unknown
/usr/bin/oslevel       = unknown
/bin/universe          = unknown

PATH: /usr/local/ncbi/sra-tools/bin
PATH: /usr/local/bin
PATH: /usr/bin
PATH: /bin
PATH: /opt/bin
PATH: /usr/x86_64-pc-linux-gnu/gcc-bin/4.9.3
PATH: /usr/games/bin


## ----------- ##
## Core tests. ##
## ----------- ##

configure:2407: checking for a BSD-compatible install
configure:2475: result: /usr/bin/install -c
configure:2486: checking whether build environment is sane
configure:2541: result: yes
configure:2692: checking for a thread-safe mkdir -p
configure:2731: result: /bin/mkdir -p
configure:2738: checking for gawk
configure:2754: found /usr/bin/gawk
configure:2765: result: gawk
configure:2776: checking whether make sets $(MAKE)
configure:2798: result: yes
configure:2827: checking whether make supports nested variables
configure:2844: result: yes
configure:2981: checking whether make supports nested variables
configure:2998: result: yes
configure:3021: checking for style of include used by make
configure:3049: result: GNU
configure:3120: checking for gcc
configure:3136: found /usr/bin/gcc
configure:3147: result: gcc
configure:3376: checking for C compiler version
configure:3385: gcc --version >&5
gcc (Gentoo 4.9.3 p1.5, pie-0.6.4) 4.9.3
Copyright (C) 2015 Free Software Foundation, Inc.
This is free software; see the source for copying conditions.  There is NO
warranty; not even for MERCHANTABILITY or FITNESS FOR A PARTICULAR PURPOSE.

configure:3396: $? = 0
configure:3385: gcc -v >&5
Using built-in specs.
COLLECT_GCC=/usr/x86_64-pc-linux-gnu/gcc-bin/4.9.3/gcc
COLLECT_LTO_WRAPPER=/usr/libexec/gcc/x86_64-pc-linux-gnu/4.9.3/lto-wrapper
Target: x86_64-pc-linux-gnu
Configured with: /home/cpalmer/portage_tmpdir/portage/sys-devel/gcc-4.9.3/work/gcc-4.9.3/configure --host=x86_64-pc-linux-gnu --build=x86_64-pc-linux-gnu --prefix=/usr --bindir=/usr/x86_64-pc-linux-gnu/gcc-bin/4.9.3 --includedir=/usr/lib/gcc/x86_64-pc-linux-gnu/4.9.3/include --datadir=/usr/share/gcc-data/x86_64-pc-linux-gnu/4.9.3 --mandir=/usr/share/gcc-data/x86_64-pc-linux-gnu/4.9.3/man --infodir=/usr/share/gcc-data/x86_64-pc-linux-gnu/4.9.3/info --with-gxx-include-dir=/usr/lib/gcc/x86_64-pc-linux-gnu/4.9.3/include/g++-v4 --with-python-dir=/share/gcc-data/x86_64-pc-linux-gnu/4.9.3/python --enable-languages=c,c++,java,fortran --enable-obsolete --enable-secureplt --disable-werror --with-system-zlib --enable-nls --without-included-gettext --enable-checking=release --with-bugurl=https://bugs.gentoo.org/ --with-pkgversion='Gentoo 4.9.3 p1.5, pie-0.6.4' --enable-libstdcxx-time --enable-shared --enable-threads=posix --enable-__cxa_atexit --enable-clocale=gnu --enable-multilib --with-multilib-list=m32,m64 --disable-altivec --disable-fixed-point --enable-targets=all --enable-libgomp --disable-libmudflap --disable-libssp --disable-libcilkrts --enable-vtable-verify --enable-libvtv --enable-lto --with-cloog --disable-isl-version-check --enable-libsanitizer
Thread model: posix
gcc version 4.9.3 (Gentoo 4.9.3 p1.5, pie-0.6.4) 
configure:3396: $? = 0
configure:3385: gcc -V >&5
gcc: error: unrecognized command line option '-V'
gcc: fatal error: no input files
compilation terminated.
configure:3396: $? = 1
configure:3385: gcc -qversion >&5
gcc: error: unrecognized command line option '-qversion'
gcc: fatal error: no input files
compilation terminated.
configure:3396: $? = 1
configure:3416: checking whether the C compiler works
configure:3438: gcc    conftest.c  >&5
configure:3442: $? = 0
configure:3490: result: yes
configure:3493: checking for C compiler default output file name
configure:3495: result: a.out
configure:3501: checking for suffix of executables
configure:3508: gcc -o conftest    conftest.c  >&5
configure:3512: $? = 0
configure:3534: result: 
configure:3556: checking whether we are cross compiling
configure:3564: gcc -o conftest    conftest.c  >&5
configure:3568: $? = 0
configure:3575: ./conftest
configure:3579: $? = 0
configure:3594: result: no
configure:3599: checking for suffix of object files
configure:3621: gcc -c   conftest.c >&5
configure:3625: $? = 0
configure:3646: result: o
configure:3650: checking whether we are using the GNU C compiler
configure:3669: gcc -c   conftest.c >&5
configure:3669: $? = 0
configure:3678: result: yes
configure:3687: checking whether gcc accepts -g
configure:3707: gcc -c -g  conftest.c >&5
configure:3707: $? = 0
configure:3748: result: yes
configure:3765: checking for gcc option to accept ISO C89
configure:3828: gcc  -c -g -O2  conftest.c >&5
configure:3828: $? = 0
configure:3841: result: none needed
configure:3866: checking whether gcc understands -c and -o together
configure:3888: gcc -c conftest.c -o conftest2.o
configure:3891: $? = 0
configure:3888: gcc -c conftest.c -o conftest2.o
configure:3891: $? = 0
configure:3903: result: yes
configure:3922: checking dependency style of gcc
configure:4033: result: gcc3
configure:4098: checking for ar
configure:4114: found /usr/bin/ar
configure:4125: result: ar
configure:4151: checking the archiver (ar) interface
configure:4167: gcc -c -g -O2  conftest.c >&5
configure:4167: $? = 0
configure:4169: ar cru libconftest.a conftest.o >&5
configure:4172: $? = 0
configure:4200: result: ar
configure:4249: checking build system type
configure:4263: result: x86_64-unknown-linux-gnu
configure:4283: checking host system type
configure:4296: result: x86_64-unknown-linux-gnu
configure:4337: checking how to print strings
configure:4364: result: printf
configure:4385: checking for a sed that does not truncate output
configure:4449: result: /bin/sed
configure:4467: checking for grep that handles long lines and -e
configure:4525: result: /bin/grep
configure:4530: checking for egrep
configure:4592: result: /bin/grep -E
configure:4597: checking for fgrep
configure:4659: result: /bin/grep -F
configure:4694: checking for ld used by gcc
configure:4761: result: /usr/x86_64-pc-linux-gnu/bin/ld
configure:4768: checking if the linker (/usr/x86_64-pc-linux-gnu/bin/ld) is GNU ld
configure:4783: result: yes
configure:4795: checking for BSD- or MS-compatible name lister (nm)
configure:4849: result: /usr/bin/nm -B
configure:4979: checking the name lister (/usr/bin/nm -B) interface
configure:4986: gcc -c -g -O2  conftest.c >&5
configure:4989: /usr/bin/nm -B "conftest.o"
configure:4992: output
0000000000000000 B some_variable
configure:4999: result: BSD nm
configure:5002: checking whether ln -s works
configure:5006: result: yes
configure:5014: checking the maximum length of command line arguments
configure:5145: result: 1572864
configure:5193: checking how to convert x86_64-unknown-linux-gnu file names to x86_64-unknown-linux-gnu format
configure:5233: result: func_convert_file_noop
configure:5240: checking how to convert x86_64-unknown-linux-gnu file names to toolchain format
configure:5260: result: func_convert_file_noop
configure:5267: checking for /usr/x86_64-pc-linux-gnu/bin/ld option to reload object files
configure:5274: result: -r
configure:5348: checking for objdump
configure:5364: found /usr/bin/objdump
configure:5375: result: objdump
configure:5407: checking how to recognize dependent libraries
configure:5607: result: pass_all
configure:5692: checking for dlltool
configure:5722: result: no
configure:5752: checking how to associate runtime and link libraries
configure:5779: result: printf %s\n
configure:5903: checking for archiver @FILE support
configure:5920: gcc -c -g -O2  conftest.c >&5
configure:5920: $? = 0
configure:5923: ar cru libconftest.a @conftest.lst >&5
configure:5926: $? = 0
configure:5931: ar cru libconftest.a @conftest.lst >&5
ar: conftest.o: No such file or directory
configure:5934: $? = 1
configure:5946: result: @
configure:6004: checking for strip
configure:6020: found /usr/bin/strip
configure:6031: result: strip
configure:6103: checking for ranlib
configure:6119: found /usr/bin/ranlib
configure:6130: result: ranlib
configure:6232: checking command to parse /usr/bin/nm -B output from gcc object
configure:6385: gcc -c -g -O2  conftest.c >&5
configure:6388: $? = 0
configure:6392: /usr/bin/nm -B conftest.o \| sed -n -e 's/^.*[ ]\([ABCDGIRSTW][ABCDGIRSTW]*\)[ ][ ]*\([_A-Za-z][_A-Za-z0-9]*\)$/\1 \2 \2/p' | sed '/ __gnu_lto/d' \> conftest.nm
configure:6395: $? = 0
configure:6461: gcc -o conftest -g -O2   conftest.c conftstm.o >&5
configure:6464: $? = 0
configure:6502: result: ok
configure:6549: checking for sysroot
configure:6579: result: no
configure:6586: checking for a working dd
configure:6624: result: /bin/dd
configure:6628: checking how to truncate binary pipes
configure:6643: result: /bin/dd bs=4096 count=1
configure:6779: gcc -c -g -O2  conftest.c >&5
configure:6782: $? = 0
configure:6972: checking for mt
configure:7002: result: no
configure:7022: checking if : is a manifest tool
configure:7028: : '-?'
configure:7036: result: no
configure:7713: checking how to run the C preprocessor
configure:7744: gcc -E  conftest.c
configure:7744: $? = 0
configure:7758: gcc -E  conftest.c
conftest.c:11:28: fatal error: ac_nonexistent.h: No such file or directory
 #include <ac_nonexistent.h>
                            ^
compilation terminated.
configure:7758: $? = 1
configure: failed program was:
| /* confdefs.h */
| #define PACKAGE_NAME "gwas_winners_curse"
| #define PACKAGE_TARNAME "gwas_winners_curse"
| #define PACKAGE_VERSION "1.0"
| #define PACKAGE_STRING "gwas_winners_curse 1.0"
| #define PACKAGE_BUGREPORT "cdp2130@cumc.columbia.edu"
| #define PACKAGE_URL ""
| #define PACKAGE "gwas_winners_curse"
| #define VERSION "1.0"
| /* end confdefs.h.  */
| #include <ac_nonexistent.h>
configure:7783: result: gcc -E
configure:7803: gcc -E  conftest.c
configure:7803: $? = 0
configure:7817: gcc -E  conftest.c
conftest.c:11:28: fatal error: ac_nonexistent.h: No such file or directory
 #include <ac_nonexistent.h>
                            ^
compilation terminated.
configure:7817: $? = 1
configure: failed program was:
| /* confdefs.h */
| #define PACKAGE_NAME "gwas_winners_curse"
| #define PACKAGE_TARNAME "gwas_winners_curse"
| #define PACKAGE_VERSION "1.0"
| #define PACKAGE_STRING "gwas_winners_curse 1.0"
| #define PACKAGE_BUGREPORT "cdp2130@cumc.columbia.edu"
| #define PACKAGE_URL ""
| #define PACKAGE "gwas_winners_curse"
| #define VERSION "1.0"
| /* end confdefs.h.  */
| #include <ac_nonexistent.h>
configure:7846: checking for ANSI C header files
configure:7866: gcc -c -g -O2  conftest.c >&5
configure:7866: $? = 0
configure:7939: gcc -o conftest -g -O2   conftest.c  >&5
configure:7939: $? = 0
configure:7939: ./conftest
configure:7939: $? = 0
configure:7950: result: yes
configure:7963: checking for sys/types.h
configure:7963: gcc -c -g -O2  conftest.c >&5
configure:7963: $? = 0
configure:7963: result: yes
configure:7963: checking for sys/stat.h
configure:7963: gcc -c -g -O2  conftest.c >&5
configure:7963: $? = 0
configure:7963: result: yes
configure:7963: checking for stdlib.h
configure:7963: gcc -c -g -O2  conftest.c >&5
configure:7963: $? = 0
configure:7963: result: yes
configure:7963: checking for string.h
configure:7963: gcc -c -g -O2  conftest.c >&5
configure:7963: $? = 0
configure:7963: result: yes
configure:7963: checking for memory.h
configure:7963: gcc -c -g -O2  conftest.c >&5
configure:7963: $? = 0
configure:7963: result: yes
configure:7963: checking for strings.h
configure:7963: gcc -c -g -O2  conftest.c >&5
configure:7963: $? = 0
configure:7963: result: yes
configure:7963: checking for inttypes.h
configure:7963: gcc -c -g -O2  conftest.c >&5
configure:7963: $? = 0
configure:7963: result: yes
configure:7963: checking for stdint.h
configure:7963: gcc -c -g -O2  conftest.c >&5
configure:7963: $? = 0
configure:7963: result: yes
configure:7963: checking for unistd.h
configure:7963: gcc -c -g -O2  conftest.c >&5
configure:7963: $? = 0
configure:7963: result: yes
configure:7977: checking for dlfcn.h
configure:7977: gcc -c -g -O2  conftest.c >&5
configure:7977: $? = 0
configure:7977: result: yes
configure:8233: checking for objdir
configure:8248: result: .libs
configure:8512: checking if gcc supports -fno-rtti -fno-exceptions
configure:8530: gcc -c -g -O2  -fno-rtti -fno-exceptions conftest.c >&5
cc1: warning: command line option '-fno-rtti' is valid for C++/ObjC++ but not for C
configure:8534: $? = 0
configure:8547: result: no
configure:8905: checking for gcc option to produce PIC
configure:8912: result: -fPIC -DPIC
configure:8920: checking if gcc PIC flag -fPIC -DPIC works
configure:8938: gcc -c -g -O2  -fPIC -DPIC -DPIC conftest.c >&5
configure:8942: $? = 0
configure:8955: result: yes
configure:8984: checking if gcc static flag -static works
configure:9012: result: yes
configure:9027: checking if gcc supports -c -o file.o
configure:9048: gcc -c -g -O2  -o out/conftest2.o conftest.c >&5
configure:9052: $? = 0
configure:9074: result: yes
configure:9082: checking if gcc supports -c -o file.o
configure:9129: result: yes
configure:9162: checking whether the gcc linker (/usr/x86_64-pc-linux-gnu/bin/ld -m elf_x86_64) supports shared libraries
configure:10421: result: yes
configure:10458: checking whether -lc should be explicitly linked in
configure:10466: gcc -c -g -O2  conftest.c >&5
configure:10469: $? = 0
configure:10484: gcc -shared  -fPIC -DPIC conftest.o  -v -Wl,-soname -Wl,conftest -o conftest 2\>\&1 \| /bin/grep  -lc  \>/dev/null 2\>\&1
configure:10487: $? = 0
configure:10501: result: no
configure:10661: checking dynamic linker characteristics
configure:11255: gcc -o conftest -g -O2   -Wl,-rpath -Wl,/foo conftest.c  >&5
configure:11255: $? = 0
configure:11492: result: GNU/Linux ld.so
configure:11614: checking how to hardcode library paths into programs
configure:11639: result: immediate
configure:12187: checking whether stripping libraries is possible
configure:12192: result: yes
configure:12227: checking if libtool supports shared libraries
configure:12229: result: yes
configure:12232: checking whether to build shared libraries
configure:12257: result: yes
configure:12260: checking whether to build static libraries
configure:12264: result: yes
configure:12374: checking for g++
configure:12390: found /usr/bin/g++
configure:12401: result: g++
configure:12428: checking for C++ compiler version
configure:12437: g++ --version >&5
g++ (Gentoo 4.9.3 p1.5, pie-0.6.4) 4.9.3
Copyright (C) 2015 Free Software Foundation, Inc.
This is free software; see the source for copying conditions.  There is NO
warranty; not even for MERCHANTABILITY or FITNESS FOR A PARTICULAR PURPOSE.

configure:12448: $? = 0
configure:12437: g++ -v >&5
Using built-in specs.
COLLECT_GCC=/usr/x86_64-pc-linux-gnu/gcc-bin/4.9.3/g++
COLLECT_LTO_WRAPPER=/usr/libexec/gcc/x86_64-pc-linux-gnu/4.9.3/lto-wrapper
Target: x86_64-pc-linux-gnu
Configured with: /home/cpalmer/portage_tmpdir/portage/sys-devel/gcc-4.9.3/work/gcc-4.9.3/configure --host=x86_64-pc-linux-gnu --build=x86_64-pc-linux-gnu --prefix=/usr --bindir=/usr/x86_64-pc-linux-gnu/gcc-bin/4.9.3 --includedir=/usr/lib/gcc/x86_64-pc-linux-gnu/4.9.3/include --datadir=/usr/share/gcc-data/x86_64-pc-linux-gnu/4.9.3 --mandir=/usr/share/gcc-data/x86_64-pc-linux-gnu/4.9.3/man --infodir=/usr/share/gcc-data/x86_64-pc-linux-gnu/4.9.3/info --with-gxx-include-dir=/usr/lib/gcc/x86_64-pc-linux-gnu/4.9.3/include/g++-v4 --with-python-dir=/share/gcc-data/x86_64-pc-linux-gnu/4.9.3/python --enable-languages=c,c++,java,fortran --enable-obsolete --enable-secureplt --disable-werror --with-system-zlib --enable-nls --without-included-gettext --enable-checking=release --with-bugurl=https://bugs.gentoo.org/ --with-pkgversion='Gentoo 4.9.3 p1.5, pie-0.6.4' --enable-libstdcxx-time --enable-shared --enable-threads=posix --enable-__cxa_atexit --enable-clocale=gnu --enable-multilib --with-multilib-list=m32,m64 --disable-altivec --disable-fixed-point --enable-targets=all --enable-libgomp --disable-libmudflap --disable-libssp --disable-libcilkrts --enable-vtable-verify --enable-libvtv --enable-lto --with-cloog --disable-isl-version-check --enable-libsanitizer
Thread model: posix
gcc version 4.9.3 (Gentoo 4.9.3 p1.5, pie-0.6.4) 
configure:12448: $? = 0
configure:12437: g++ -V >&5
g++: error: unrecognized command line option '-V'
g++: fatal error: no input files
compilation terminated.
configure:12448: $? = 1
configure:12437: g++ -qversion >&5
g++: error: unrecognized command line option '-qversion'
g++: fatal error: no input files
compilation terminated.
configure:12448: $? = 1
configure:12452: checking whether we are using the GNU C++ compiler
configure:12471: g++ -c   conftest.cpp >&5
configure:12471: $? = 0
configure:12480: result: yes
configure:12489: checking whether g++ accepts -g
configure:12509: g++ -c -g  conftest.cpp >&5
configure:12509: $? = 0
configure:12550: result: yes
configure:12575: checking dependency style of g++
configure:12686: result: gcc3
configure:12719: checking how to run the C++ preprocessor
configure:12746: g++ -E  conftest.cpp
configure:12746: $? = 0
configure:12760: g++ -E  conftest.cpp
conftest.cpp:23:28: fatal error: ac_nonexistent.h: No such file or directory
 #include <ac_nonexistent.h>
                            ^
compilation terminated.
configure:12760: $? = 1
configure: failed program was:
| /* confdefs.h */
| #define PACKAGE_NAME "gwas_winners_curse"
| #define PACKAGE_TARNAME "gwas_winners_curse"
| #define PACKAGE_VERSION "1.0"
| #define PACKAGE_STRING "gwas_winners_curse 1.0"
| #define PACKAGE_BUGREPORT "cdp2130@cumc.columbia.edu"
| #define PACKAGE_URL ""
| #define PACKAGE "gwas_winners_curse"
| #define VERSION "1.0"
| #define STDC_HEADERS 1
| #define HAVE_SYS_TYPES_H 1
| #define HAVE_SYS_STAT_H 1
| #define HAVE_STDLIB_H 1
| #define HAVE_STRING_H 1
| #define HAVE_MEMORY_H 1
| #define HAVE_STRINGS_H 1
| #define HAVE_INTTYPES_H 1
| #define HAVE_STDINT_H 1
| #define HAVE_UNISTD_H 1
| #define HAVE_DLFCN_H 1
| #define LT_OBJDIR ".libs/"
| /* end confdefs.h.  */
| #include <ac_nonexistent.h>
configure:12785: result: g++ -E
configure:12805: g++ -E  conftest.cpp
configure:12805: $? = 0
configure:12819: g++ -E  conftest.cpp
conftest.cpp:23:28: fatal error: ac_nonexistent.h: No such file or directory
 #include <ac_nonexistent.h>
                            ^
compilation terminated.
configure:12819: $? = 1
configure: failed program was:
| /* confdefs.h */
| #define PACKAGE_NAME "gwas_winners_curse"
| #define PACKAGE_TARNAME "gwas_winners_curse"
| #define PACKAGE_VERSION "1.0"
| #define PACKAGE_STRING "gwas_winners_curse 1.0"
| #define PACKAGE_BUGREPORT "cdp2130@cumc.columbia.edu"
| #define PACKAGE_URL ""
| #define PACKAGE "gwas_winners_curse"
| #define VERSION "1.0"
| #define STDC_HEADERS 1
| #define HAVE_SYS_TYPES_H 1
| #define HAVE_SYS_STAT_H 1
| #define HAVE_STDLIB_H 1
| #define HAVE_STRING_H 1
| #define HAVE_MEMORY_H 1
| #define HAVE_STRINGS_H 1
| #define HAVE_INTTYPES_H 1
| #define HAVE_STDINT_H 1
| #define HAVE_UNISTD_H 1
| #define HAVE_DLFCN_H 1
| #define LT_OBJDIR ".libs/"
| /* end confdefs.h.  */
| #include <ac_nonexistent.h>
configure:12981: checking for ld used by g++
configure:13048: result: /usr/x86_64-pc-linux-gnu/bin/ld -m elf_x86_64
configure:13055: checking if the linker (/usr/x86_64-pc-linux-gnu/bin/ld -m elf_x86_64) is GNU ld
configure:13070: result: yes
configure:13125: checking whether the g++ linker (/usr/x86_64-pc-linux-gnu/bin/ld -m elf_x86_64) supports shared libraries
configure:14198: result: yes
configure:14234: g++ -c -g -O2  conftest.cpp >&5
configure:14237: $? = 0
configure:14718: checking for g++ option to produce PIC
configure:14725: result: -fPIC -DPIC
configure:14733: checking if g++ PIC flag -fPIC -DPIC works
configure:14751: g++ -c -g -O2  -fPIC -DPIC -DPIC conftest.cpp >&5
configure:14755: $? = 0
configure:14768: result: yes
configure:14791: checking if g++ static flag -static works
configure:14819: result: yes
configure:14831: checking if g++ supports -c -o file.o
configure:14852: g++ -c -g -O2  -o out/conftest2.o conftest.cpp >&5
configure:14856: $? = 0
configure:14878: result: yes
configure:14883: checking if g++ supports -c -o file.o
configure:14930: result: yes
configure:14960: checking whether the g++ linker (/usr/x86_64-pc-linux-gnu/bin/ld -m elf_x86_64) supports shared libraries
configure:15000: result: yes
configure:15141: checking dynamic linker characteristics
configure:15899: result: GNU/Linux ld.so
configure:15964: checking how to hardcode library paths into programs
configure:15989: result: immediate
configure:16030: checking whether make sets $(MAKE)
configure:16052: result: yes
configure:16065: checking for install-info
configure:16081: found /usr/bin/install-info
configure:16092: result: install-info
configure:16107: checking for makeinfo
configure:16134: result: ${SHELL} /home/cpalmer/Development/correct_winners_curse/missing makeinfo
configure:16149: checking for texi2pdf
configure:16165: found /usr/bin/texi2pdf
configure:16176: result: texi2pdf
configure:16191: checking for texi2dvi
configure:16207: found /usr/bin/texi2dvi
configure:16218: result: texi2dvi
configure:16234: checking whether g++ understands -c and -o together
configure:16258: g++ -g -O2 -c conftest.cpp -o conftest2.o >&5
configure:16262: $? = 0
configure:16269: g++ -g -O2 -c conftest.cpp -o conftest2.o >&5
configure:16273: $? = 0
configure:16281: result: yes
configure:16309: checking if zlib is wanted
configure:16331: result: yes
configure:16362: checking for inflateEnd in -lz
configure:16387: gcc -o conftest -g -O2  -I/usr/include  -L/usr/lib conftest.c -lz   >&5
configure:16387: $? = 0
configure:16396: result: yes
configure:16404: checking zlib.h usability
configure:16404: gcc -c -g -O2  -I/usr/include conftest.c >&5
configure:16404: $? = 0
configure:16404: result: yes
configure:16404: checking zlib.h presence
configure:16404: gcc -E  -I/usr/include conftest.c
configure:16404: $? = 0
configure:16404: result: yes
configure:16404: checking for zlib.h
configure:16404: result: yes
configure:16444: checking if bzip2 is wanted
configure:16466: result: yes
configure:16497: checking for BZ2_bzReadOpen in -lbz2
configure:16522: gcc -o conftest -g -O2  -I/usr/include -I/usr/include -I/usr/include  -L/usr/lib -L/usr/lib -L/usr/lib conftest.c -lbz2  -lz  >&5
configure:16522: $? = 0
configure:16531: result: yes
configure:16539: checking bzlib.h usability
configure:16539: gcc -c -g -O2  -I/usr/include -I/usr/include -I/usr/include conftest.c >&5
configure:16539: $? = 0
configure:16539: result: yes
configure:16539: checking bzlib.h presence
configure:16539: gcc -E  -I/usr/include -I/usr/include -I/usr/include conftest.c
configure:16539: $? = 0
configure:16539: result: yes
configure:16539: checking for bzlib.h
configure:16539: result: yes
configure:16576: checking for cos in -lm
configure:16601: g++ -o conftest -g -O2  -I/usr/include -I/usr/include -I/usr/include -I/usr/include  -L/usr/lib -L/usr/lib -L/usr/lib -L/usr/lib conftest.cpp -lm  -lbz2 -lz  >&5
configure:16601: $? = 0
configure:16610: result: yes
configure:16621: checking for cblas_dgemm in -lgslcblas
configure:16646: g++ -o conftest -g -O2  -I/usr/include -I/usr/include -I/usr/include -I/usr/include  -L/usr/lib -L/usr/lib -L/usr/lib -L/usr/lib conftest.cpp -lgslcblas  -lm -lbz2 -lz  >&5
configure:16646: $? = 0
configure:16655: result: yes
configure:16666: checking for gsl_blas_dgemm in -lgsl
configure:16691: g++ -o conftest -g -O2  -I/usr/include -I/usr/include -I/usr/include -I/usr/include  -L/usr/lib -L/usr/lib -L/usr/lib -L/usr/lib conftest.cpp -lgsl  -lgslcblas -lm -lbz2 -lz  >&5
configure:16691: $? = 0
configure:16700: result: yes
configure:16833: checking that generated files are newer than configure
configure:16839: result: done
configure:16866: creating ./config.status

## ---------------------- ##
## Running config.status. ##
## ---------------------- ##

This file was extended by gwas_winners_curse config.status 1.0, which was
generated by GNU Autoconf 2.69.  Invocation command line was

  CONFIG_FILES    = 
  CONFIG_HEADERS  = 
  CONFIG_LINKS    = 
  CONFIG_COMMANDS = 
  $ ./config.status 

on omegatechpc

config.status:1158: creating Makefile
config.status:1158: creating gwas_winners_curse-1.0.pc
config.status:1158: creating temp_config.h
config.status:1387: executing depfiles commands
config.status:1387: executing libtool commands
config.status:1387: executing gwas_winners_curse/config.h commands
config.status:2228: creating gwas_winners_curse/config.h - prefix GWAS_WINNERS_CURSE for temp_config.h defines
configure:19432: === configuring in fileinterface (/home/cpalmer/Development/correct_winners_curse/fileinterface)
configure:19495: running /bin/sh ./configure --disable-option-checking '--prefix=/home/cpalmer/Development/stage'  --cache-file=/dev/null --srcdir=.

## ---------------- ##
## Cache variables. ##
## ---------------- ##

ac_cv_build=x86_64-unknown-linux-gnu
ac_cv_c_compiler_gnu=yes
ac_cv_cxx_compiler_gnu=yes
ac_cv_env_CCC_set=
ac_cv_env_CCC_value=
ac_cv_env_CC_set=
ac_cv_env_CC_value=
ac_cv_env_CFLAGS_set=
ac_cv_env_CFLAGS_value=
ac_cv_env_CPPFLAGS_set=
ac_cv_env_CPPFLAGS_value=
ac_cv_env_CPP_set=
ac_cv_env_CPP_value=
ac_cv_env_CXXCPP_set=
ac_cv_env_CXXCPP_value=
ac_cv_env_CXXFLAGS_set=
ac_cv_env_CXXFLAGS_value=
ac_cv_env_CXX_set=
ac_cv_env_CXX_value=
ac_cv_env_LDFLAGS_set=
ac_cv_env_LDFLAGS_value=
ac_cv_env_LIBS_set=
ac_cv_env_LIBS_value=
ac_cv_env_LT_SYS_LIBRARY_PATH_set=
ac_cv_env_LT_SYS_LIBRARY_PATH_value=
ac_cv_env_build_alias_set=
ac_cv_env_build_alias_value=
ac_cv_env_host_alias_set=
ac_cv_env_host_alias_value=
ac_cv_env_target_alias_set=
ac_cv_env_target_alias_value=
ac_cv_header_bzlib_h=yes
ac_cv_header_dlfcn_h=yes
ac_cv_header_inttypes_h=yes
ac_cv_header_memory_h=yes
ac_cv_header_stdc=yes
ac_cv_header_stdint_h=yes
ac_cv_header_stdlib_h=yes
ac_cv_header_string_h=yes
ac_cv_header_strings_h=yes
ac_cv_header_sys_stat_h=yes
ac_cv_header_sys_types_h=yes
ac_cv_header_unistd_h=yes
ac_cv_header_zlib_h=yes
ac_cv_host=x86_64-unknown-linux-gnu
ac_cv_lib_bz2_BZ2_bzReadOpen=yes
ac_cv_lib_gsl_gsl_blas_dgemm=yes
ac_cv_lib_gslcblas_cblas_dgemm=yes
ac_cv_lib_m_cos=yes
ac_cv_lib_z_inflateEnd=yes
ac_cv_objext=o
ac_cv_path_EGREP='/bin/grep -E'
ac_cv_path_FGREP='/bin/grep -F'
ac_cv_path_GREP=/bin/grep
ac_cv_path_SED=/bin/sed
ac_cv_path_install='/usr/bin/install -c'
ac_cv_path_lt_DD=/bin/dd
ac_cv_path_mkdir=/bin/mkdir
ac_cv_prog_AWK=gawk
ac_cv_prog_CPP='gcc -E'
ac_cv_prog_CXXCPP='g++ -E'
ac_cv_prog_INSTALL_INFO=install-info
ac_cv_prog_MAKEINFO='${SHELL} /home/cpalmer/Development/correct_winners_curse/missing makeinfo'
ac_cv_prog_TEXI2DVI=texi2dvi
ac_cv_prog_TEXI2PDF=texi2pdf
ac_cv_prog_ac_ct_AR=ar
ac_cv_prog_ac_ct_CC=gcc
ac_cv_prog_ac_ct_CXX=g++
ac_cv_prog_ac_ct_OBJDUMP=objdump
ac_cv_prog_ac_ct_RANLIB=ranlib
ac_cv_prog_ac_ct_STRIP=strip
ac_cv_prog_cc_c89=
ac_cv_prog_cc_g=yes
ac_cv_prog_cxx_c_o=yes
ac_cv_prog_cxx_g=yes
ac_cv_prog_make_make_set=yes
am_cv_CC_dependencies_compiler_type=gcc3
am_cv_CXX_dependencies_compiler_type=gcc3
am_cv_ar_interface=ar
am_cv_make_support_nested_variables=yes
am_cv_prog_cc_c_o=yes
bzip2_cv_bz2=yes
bzip2_cv_bzlib_h=yes
lt_cv_ar_at_file=@
lt_cv_archive_cmds_need_lc=no
lt_cv_deplibs_check_method=pass_all
lt_cv_file_magic_cmd='$MAGIC_CMD'
lt_cv_file_magic_test_file=
lt_cv_ld_reload_flag=-r
lt_cv_nm_interface='BSD nm'
lt_cv_objdir=.libs
lt_cv_path_LD=/usr/x86_64-pc-linux-gnu/bin/ld
lt_cv_path_LDCXX='/usr/x86_64-pc-linux-gnu/bin/ld -m elf_x86_64'
lt_cv_path_NM='/usr/bin/nm -B'
lt_cv_path_mainfest_tool=no
lt_cv_prog_compiler_c_o=yes
lt_cv_prog_compiler_c_o_CXX=yes
lt_cv_prog_compiler_pic='-fPIC -DPIC'
lt_cv_prog_compiler_pic_CXX='-fPIC -DPIC'
lt_cv_prog_compiler_pic_works=yes
lt_cv_prog_compiler_pic_works_CXX=yes
lt_cv_prog_compiler_rtti_exceptions=no
lt_cv_prog_compiler_static_works=yes
lt_cv_prog_compiler_static_works_CXX=yes
lt_cv_prog_gnu_ld=yes
lt_cv_prog_gnu_ldcxx=yes
lt_cv_sharedlib_from_linklib_cmd='printf %s\n'
lt_cv_shlibpath_overrides_runpath=yes
lt_cv_sys_global_symbol_pipe='sed -n -e '\''s/^.*[	 ]\([ABCDGIRSTW][ABCDGIRSTW]*\)[	 ][	 ]*\([_A-Za-z][_A-Za-z0-9]*\)$/\1 \2 \2/p'\'' | sed '\''/ __gnu_lto/d'\'''
lt_cv_sys_global_symbol_to_c_name_address='sed -n -e '\''s/^: \(.*\) .*$/  {"\1", (void *) 0},/p'\'' -e '\''s/^[ABCDGIRSTW][ABCDGIRSTW]* .* \(.*\)$/  {"\1", (void *) \&\1},/p'\'''
lt_cv_sys_global_symbol_to_c_name_address_lib_prefix='sed -n -e '\''s/^: \(.*\) .*$/  {"\1", (void *) 0},/p'\'' -e '\''s/^[ABCDGIRSTW][ABCDGIRSTW]* .* \(lib.*\)$/  {"\1", (void *) \&\1},/p'\'' -e '\''s/^[ABCDGIRSTW][ABCDGIRSTW]* .* \(.*\)$/  {"lib\1", (void *) \&\1},/p'\'''
lt_cv_sys_global_symbol_to_cdecl='sed -n -e '\''s/^T .* \(.*\)$/extern int \1();/p'\'' -e '\''s/^[ABCDGIRSTW][ABCDGIRSTW]* .* \(.*\)$/extern char \1;/p'\'''
lt_cv_sys_global_symbol_to_import=
lt_cv_sys_max_cmd_len=1572864
lt_cv_to_host_file_cmd=func_convert_file_noop
lt_cv_to_tool_file_cmd=func_convert_file_noop
lt_cv_truncate_bin='/bin/dd bs=4096 count=1'
zlib_cv_libz=yes
zlib_cv_zlib_h=yes

## ----------------- ##
## Output variables. ##
## ----------------- ##

ACLOCAL='${SHELL} /home/cpalmer/Development/correct_winners_curse/missing aclocal-1.15'
AMDEPBACKSLASH='\'
AMDEP_FALSE='#'
AMDEP_TRUE=''
AMTAR='$${TAR-tar}'
AM_BACKSLASH='\'
AM_DEFAULT_V='$(AM_DEFAULT_VERBOSITY)'
AM_DEFAULT_VERBOSITY='0'
AM_V='$(V)'
AR='ar'
AUTOCONF='${SHELL} /home/cpalmer/Development/correct_winners_curse/missing autoconf'
AUTOHEADER='${SHELL} /home/cpalmer/Development/correct_winners_curse/missing autoheader'
AUTOMAKE='${SHELL} /home/cpalmer/Development/correct_winners_curse/missing automake-1.15'
AWK='gawk'
CC='gcc'
CCDEPMODE='depmode=gcc3'
CFLAGS='-g -O2'
CPP='gcc -E'
CPPFLAGS=' -I/usr/include -I/usr/include -I/usr/include -I/usr/include'
CXX='g++'
CXXCPP='g++ -E'
CXXDEPMODE='depmode=gcc3'
CXXFLAGS='-g -O2'
CYGPATH_W='echo'
DEFS='-DHAVE_CONFIG_H'
DEPDIR='.deps'
DLLTOOL='false'
DSYMUTIL=''
DUMPBIN=''
ECHO_C=''
ECHO_N='-n'
ECHO_T=''
EGREP='/bin/grep -E'
EXEEXT=''
FGREP='/bin/grep -F'
GREP='/bin/grep'
INSTALL_DATA='${INSTALL} -m 644'
INSTALL_INFO='install-info'
INSTALL_PROGRAM='${INSTALL}'
INSTALL_SCRIPT='${INSTALL}'
INSTALL_STRIP_PROGRAM='$(install_sh) -c -s'
LD='/usr/x86_64-pc-linux-gnu/bin/ld -m elf_x86_64'
LDFLAGS=' -L/usr/lib -L/usr/lib -L/usr/lib -L/usr/lib'
LIBOBJS=''
LIBS='-lgsl -lgslcblas -lm -lbz2 -lz '
LIBTOOL='$(SHELL) $(top_builddir)/libtool'
LIPO=''
LN_S='ln -s'
LTLIBOBJS=''
LT_SYS_LIBRARY_PATH=''
MAKEINFO='${SHELL} /home/cpalmer/Development/correct_winners_curse/missing makeinfo'
MANIFEST_TOOL=':'
MKDIR_P='/bin/mkdir -p'
NM='/usr/bin/nm -B'
NMEDIT=''
OBJDUMP='objdump'
OBJEXT='o'
OTOOL64=''
OTOOL=''
PACKAGE='gwas_winners_curse'
PACKAGE_BUGREPORT='cdp2130@cumc.columbia.edu'
PACKAGE_NAME='gwas_winners_curse'
PACKAGE_STRING='gwas_winners_curse 1.0'
PACKAGE_TARNAME='gwas_winners_curse'
PACKAGE_URL=''
PACKAGE_VERSION='1.0'
PATH_SEPARATOR=':'
RANLIB='ranlib'
SED='/bin/sed'
SET_MAKE=''
SHELL='/bin/sh'
STRIP='strip'
TEXI2DVI='texi2dvi'
TEXI2PDF='texi2pdf'
VERSION='1.0'
ac_ct_AR='ar'
ac_ct_CC='gcc'
ac_ct_CXX='g++'
ac_ct_DUMPBIN=''
am__EXEEXT_FALSE=''
am__EXEEXT_TRUE='#'
am__fastdepCC_FALSE='#'
am__fastdepCC_TRUE=''
am__fastdepCXX_FALSE='#'
am__fastdepCXX_TRUE=''
am__include='include'
am__isrc=''
am__leading_dot='.'
am__nodep='_no'
am__quote=''
am__tar='$${TAR-tar} chof - "$$tardir"'
am__untar='$${TAR-tar} xf -'
bindir='${exec_prefix}/bin'
build='x86_64-unknown-linux-gnu'
build_alias=''
build_cpu='x86_64'
build_os='linux-gnu'
build_vendor='unknown'
datadir='${datarootdir}'
datarootdir='${prefix}/share'
docdir='${datarootdir}/doc/${PACKAGE_TARNAME}'
dvidir='${docdir}'
exec_prefix='${prefix}'
host='x86_64-unknown-linux-gnu'
host_alias=''
host_cpu='x86_64'
host_os='linux-gnu'
host_vendor='unknown'
htmldir='${docdir}'
includedir='${prefix}/include'
infodir='${datarootdir}/info'
install_sh='${SHELL} /home/cpalmer/Development/correct_winners_curse/install-sh'
libdir='${exec_prefix}/lib'
libexecdir='${exec_prefix}/libexec'
localedir='${datarootdir}/locale'
localstatedir='${prefix}/var'
mandir='${datarootdir}/man'
mkdir_p='$(MKDIR_P)'
oldincludedir='/usr/include'
pdfdir='${docdir}'
prefix='/home/cpalmer/Development/stage'
program_transform_name='s,x,x,'
psdir='${docdir}'
sbindir='${exec_prefix}/sbin'
sharedstatedir='${prefix}/com'
subdirs=' fileinterface'
sysconfdir='${prefix}/etc'
target_alias=''

## ----------- ##
## confdefs.h. ##
## ----------- ##

/* confdefs.h */
#define PACKAGE_NAME "gwas_winners_curse"
#define PACKAGE_TARNAME "gwas_winners_curse"
#define PACKAGE_VERSION "1.0"
#define PACKAGE_STRING "gwas_winners_curse 1.0"
#define PACKAGE_BUGREPORT "cdp2130@cumc.columbia.edu"
#define PACKAGE_URL ""
#define PACKAGE "gwas_winners_curse"
#define VERSION "1.0"
#define STDC_HEADERS 1
#define HAVE_SYS_TYPES_H 1
#define HAVE_SYS_STAT_H 1
#define HAVE_STDLIB_H 1
#define HAVE_STRING_H 1
#define HAVE_MEMORY_H 1
#define HAVE_STRINGS_H 1
#define HAVE_INTTYPES_H 1
#define HAVE_STDINT_H 1
#define HAVE_UNISTD_H 1
#define HAVE_DLFCN_H 1
#define LT_OBJDIR ".libs/"
#define HAVE_LIBZ 1
#define HAVE_LIBBZ2 1
#define HAVE_LIBM 1
#define HAVE_LIBGSLCBLAS 1
#define HAVE_LIBGSL 1

configure: exit 0
